<?xml version="1.0" encoding="UTF-8"?>
<!-- Generated by org.testng.reporters.JUnitXMLReporter -->
<testsuite hostname="EG5CG8352J1V" ignored="0" name="Test" tests="11" failures="0" timestamp="2021-06-04T19:05:52 EET" time="198.718" errors="0">
  <testcase name="createNewAccount" time="13.694" classname="TestCases.PlaceOrder_TCs"/>
  <testcase name="BuyBlouse_Check" time="25.206" classname="TestCases.PlaceOrder_TCs"/>
  <testcase name="BuyBlouse_BankWire" time="28.426" classname="TestCases.PlaceOrder_TCs"/>
  <testcase name="PlaceorderWithoutTermsCheck" time="15.69" classname="TestCases.PlaceOrder_TCs"/>
  <testcase name="createNewAccount_InvalidEmail" time="5.249" classname="TestCases.CreateAccount_NegativeTCs"/>
  <testcase name="createNewAccount_EmptyFirstname" time="10.626" classname="TestCases.CreateAccount_NegativeTCs"/>
  <testcase name="createNewAccount_EmptyLastname" time="12.835" classname="TestCases.CreateAccount_NegativeTCs"/>
  <testcase name="createNewAccount_EmptyPassword" time="13.176" classname="TestCases.CreateAccount_NegativeTCs"/>
  <testcase name="createNewAccount_EmptyAddress" time="12.069" classname="TestCases.CreateAccount_NegativeTCs"/>
  <testcase name="createNewAccount_EmptyMobile" time="13.736" classname="TestCases.CreateAccount_NegativeTCs"/>
  <testcase name="createNewAccount_EmptyPostCode" time="12.549" classname="TestCases.CreateAccount_NegativeTCs"/>
</testsuite> <!-- Test -->
