<?xml version="1.0" encoding="UTF-8"?>
<!-- Generated by org.testng.reporters.JUnitXMLReporter -->
<testsuite hostname="EG5CG8352J1V" ignored="0" name="Test" tests="11" failures="0" timestamp="2021-06-04T18:32:49 EET" time="201.345" errors="0">
  <testcase name="createNewAccount" time="16.032" classname="TestCases.PlaceOrder_TCs"/>
  <testcase name="PlaceorderWithoutTermsCheck" time="16.845" classname="TestCases.PlaceOrder_TCs"/>
  <testcase name="BuyBlouse_BankWire" time="22.227" classname="TestCases.PlaceOrder_TCs"/>
  <testcase name="BuyBlouse_Check" time="27.359" classname="TestCases.PlaceOrder_TCs"/>
  <testcase name="createNewAccount_InvalidEmail" time="5.422" classname="TestCases.CreateAccount_NegativeTCs"/>
  <testcase name="createNewAccount_EmptyFirstname" time="12.383" classname="TestCases.CreateAccount_NegativeTCs"/>
  <testcase name="createNewAccount_EmptyLastname" time="17.069" classname="TestCases.CreateAccount_NegativeTCs"/>
  <testcase name="createNewAccount_EmptyPassword" time="11.044" classname="TestCases.CreateAccount_NegativeTCs"/>
  <testcase name="createNewAccount_EmptyAddress" time="11.823" classname="TestCases.CreateAccount_NegativeTCs"/>
  <testcase name="createNewAccount_EmptyMobile" time="10.893" classname="TestCases.CreateAccount_NegativeTCs"/>
  <testcase name="createNewAccount_EmptyPostCode" time="13.067" classname="TestCases.CreateAccount_NegativeTCs"/>
</testsuite> <!-- Test -->
